2020-04-28 17:42:19	INFO	::casa	
2020-04-28 17:42:19	INFO	::casa	Checking telemetry submission interval
2020-04-28 17:42:19	INFO	::casa	Telemetry submit interval not reached. Not submitting data.
2020-04-28 17:42:19	INFO	::casa	Next telemetry data submission in: 6 days, 8:11:09.262509
2020-04-28 17:42:19	INFO	::casa	CASA Version PIPELINE 5.6.1-8  
2020-04-28 17:42:21	INFO	pipeline.infrastructure.mpihelpers::pipeline.infrastructure.mpihelpers::casa	Environment is not MPI enabled. Pipeline operating in single host mode
2020-04-28 17:42:22	INFO	pipeline.infrastructure.mpihelpers::pipeline.infrastructure.mpihelpers::casa	CASA Version 5.6.1-8  
2020-04-28 17:42:22	INFO	pipeline.infrastructure.mpihelpers::pipeline.infrastructure.mpihelpers::casa	
2020-04-28 17:42:22	INFO	pipeline.infrastructure.mpihelpers::pipeline.infrastructure.mpihelpers::casa	CASA Version 5.6.1-8  
2020-04-28 17:42:22	INFO	pipeline.infrastructure.mpihelpers::pipeline.infrastructure.mpihelpers::casa	
2020-04-28 17:42:22	INFO	pipeline.hifa.tasks.importdata.dbfluxes::pipeline.hifa.tasks.importdata.dbfluxes::casa	Environment variable FLUX_SERVICE_URL not defined.  Switching to backup url.
2020-04-28 17:42:22	INFO	pipeline.hifa.tasks.importdata.dbfluxes::pipeline.hifa.tasks.importdata.dbfluxes::casa	Environment variable FLUX_SERVICE_URL_BACKUP not defined.
2020-04-28 17:42:23	INFO	pipeline::pipeline::casa	Pipeline version 42866 (Pipeline-CASA56-P1-B) running on Trevors-MacBook-Pro.local
2020-04-28 17:42:23	INFO	pipeline::pipeline::casa	Host environment: 16.0 GB memory, 8 x Intel(R) Core(TM) i7-6920HQ CPU @ 2.90GHz running MacOS 10.14.6
2020-04-28 17:42:23	INFO	pipeline::pipeline::casa	Initializing cli...
2020-04-28 17:42:23	INFO	pipeline::pipeline::casa	Loaded CASA tasks from package: h
2020-04-28 17:42:23	INFO	pipeline::pipeline::casa	Loaded CASA tasks from package: hif
2020-04-28 17:42:23	INFO	pipeline::pipeline::casa	Loaded CASA tasks from package: hifa
2020-04-28 17:42:24	INFO	pipeline::pipeline::casa	Loaded CASA tasks from package: hifv
2020-04-28 17:42:24	INFO	pipeline::pipeline::casa	Loaded CASA tasks from package: hsd
2020-04-28 17:42:24	INFO	pipeline::pipeline::casa	Loaded CASA tasks from package: hsdn
